2022-04-28T15:05:54+00:00 CRITICAL Uncaught Error: Class 'Elementor\Scheme_Color' not found in E:\XAMP\htdocs\wp\wordpress\wp-content\plugins\jupicore\addons\widgets\text-box.php:116
Stack trace:
#0 E:\XAMP\htdocs\wp\wordpress\wp-content\plugins\elementor\includes\base\controls-stack.php(2280): Elementor\jupiter_Text_Box->_register_controls()
#1 E:\XAMP\htdocs\wp\wordpress\wp-content\plugins\elementor\includes\base\controls-stack.php(494): Elementor\Controls_Stack->init_controls()
#2 E:\XAMP\htdocs\wp\wordpress\wp-content\plugins\elementor\includes\base\widget-base.php(177): Elementor\Controls_Stack->get_stack()
#3 E:\XAMP\htdocs\wp\wordpress\wp-content\plugins\elementor\includes\base\controls-stack.php(300): Elementor\Widget_Base->get_stack()
#4 E:\XAMP\htdocs\wp\wordpress\wp-content\plugins\elementor\includes\base\controls-stack.php(2369): Elementor\Controls_Stack->get_controls()
#5 E:\XAMP\htdocs\wp\wordpress\wp-content\plugins\elementor\includes\base\controls-stack.php(1105): Elementor\Controls_Stack->sanitize_settings(Array)
#6 E:\XAMP\ht in E:\XAMP\htdocs\wp\wordpress\wp-content\plugins\jupicore\addons\widgets\text-box.php on line 116

2022-04-28T15:08:10+00:00 CRITICAL Uncaught Error: Class 'Elementor\Scheme_Color' not found in E:\XAMP\htdocs\wp\wordpress\wp-content\plugins\jupicore\addons\widgets\text-box.php:116
Stack trace:
#0 E:\XAMP\htdocs\wp\wordpress\wp-content\plugins\elementor\includes\base\controls-stack.php(2280): Elementor\jupiter_Text_Box->_register_controls()
#1 E:\XAMP\htdocs\wp\wordpress\wp-content\plugins\elementor\includes\base\controls-stack.php(494): Elementor\Controls_Stack->init_controls()
#2 E:\XAMP\htdocs\wp\wordpress\wp-content\plugins\elementor\includes\base\widget-base.php(177): Elementor\Controls_Stack->get_stack()
#3 E:\XAMP\htdocs\wp\wordpress\wp-content\plugins\elementor\includes\base\controls-stack.php(300): Elementor\Widget_Base->get_stack()
#4 E:\XAMP\htdocs\wp\wordpress\wp-content\plugins\elementor\includes\base\controls-stack.php(2369): Elementor\Controls_Stack->get_controls()
#5 E:\XAMP\htdocs\wp\wordpress\wp-content\plugins\elementor\includes\base\controls-stack.php(1105): Elementor\Controls_Stack->sanitize_settings(Array)
#6 E:\XAMP\ht in E:\XAMP\htdocs\wp\wordpress\wp-content\plugins\jupicore\addons\widgets\text-box.php on line 116

2022-04-28T15:08:42+00:00 CRITICAL Uncaught Error: Class 'Elementor\Scheme_Color' not found in E:\XAMP\htdocs\wp\wordpress\wp-content\plugins\jupicore\addons\widgets\text-box.php:116
Stack trace:
#0 E:\XAMP\htdocs\wp\wordpress\wp-content\plugins\elementor\includes\base\controls-stack.php(2280): Elementor\jupiter_Text_Box->_register_controls()
#1 E:\XAMP\htdocs\wp\wordpress\wp-content\plugins\elementor\includes\base\controls-stack.php(494): Elementor\Controls_Stack->init_controls()
#2 E:\XAMP\htdocs\wp\wordpress\wp-content\plugins\elementor\includes\base\widget-base.php(177): Elementor\Controls_Stack->get_stack()
#3 E:\XAMP\htdocs\wp\wordpress\wp-content\plugins\elementor\includes\base\controls-stack.php(300): Elementor\Widget_Base->get_stack()
#4 E:\XAMP\htdocs\wp\wordpress\wp-content\plugins\elementor\includes\base\controls-stack.php(2369): Elementor\Controls_Stack->get_controls()
#5 E:\XAMP\htdocs\wp\wordpress\wp-content\plugins\elementor\includes\base\controls-stack.php(1105): Elementor\Controls_Stack->sanitize_settings(Array)
#6 E:\XAMP\ht in E:\XAMP\htdocs\wp\wordpress\wp-content\plugins\jupicore\addons\widgets\text-box.php on line 116

2022-04-28T15:14:18+00:00 CRITICAL Uncaught Error: Class 'Elementor\Scheme_Color' not found in E:\XAMP\htdocs\wp\wordpress\wp-content\plugins\jupicore\addons\widgets\text-box.php:116
Stack trace:
#0 E:\XAMP\htdocs\wp\wordpress\wp-content\plugins\elementor\includes\base\controls-stack.php(2280): Elementor\jupiter_Text_Box->_register_controls()
#1 E:\XAMP\htdocs\wp\wordpress\wp-content\plugins\elementor\includes\base\controls-stack.php(494): Elementor\Controls_Stack->init_controls()
#2 E:\XAMP\htdocs\wp\wordpress\wp-content\plugins\elementor\includes\base\widget-base.php(177): Elementor\Controls_Stack->get_stack()
#3 E:\XAMP\htdocs\wp\wordpress\wp-content\plugins\elementor\includes\base\controls-stack.php(300): Elementor\Widget_Base->get_stack()
#4 E:\XAMP\htdocs\wp\wordpress\wp-content\plugins\elementor\includes\base\controls-stack.php(2369): Elementor\Controls_Stack->get_controls()
#5 E:\XAMP\htdocs\wp\wordpress\wp-content\plugins\elementor\includes\base\controls-stack.php(1105): Elementor\Controls_Stack->sanitize_settings(Array)
#6 E:\XAMP\ht in E:\XAMP\htdocs\wp\wordpress\wp-content\plugins\jupicore\addons\widgets\text-box.php on line 116

